[debug] [2026-05-05T14:29:15.415Z] ----------------------------------------------------------------------
[debug] [2026-05-05T14:29:15.419Z] Command:       /nix/store/ws50yvm6vzlzf7jzz6n7xh4szddrack1-nodejs-20.19.1/bin/node /nix/store/gm9mcvzb17vv8cla08khrg29vxn3sq4r-firebase-tools-15.1.0/lib/node_modules/firebase-tools/lib/bin/firebase.js login:ci
[debug] [2026-05-05T14:29:15.420Z] CLI Version:   15.1.0
[debug] [2026-05-05T14:29:15.420Z] Platform:      linux
[debug] [2026-05-05T14:29:15.421Z] Node Version:  v20.19.1
[debug] [2026-05-05T14:29:15.421Z] Time:          Tue May 05 2026 14:29:15 GMT+0000 (Coordinated Universal Time)
[debug] [2026-05-05T14:29:15.421Z] ----------------------------------------------------------------------
[debug] 
[debug] [2026-05-05T14:29:15.423Z] >>> [apiv2][query] GET https://firebase-public.firebaseio.com/cli.json [none]
[debug] [2026-05-05T14:29:15.462Z] No OAuth tokens found
[debug] [2026-05-05T14:29:15.462Z] No OAuth tokens found
[error] Failed to fetch Firebase Project from current Studio Workspace: Unable to refresh auth: not yet authenticated.
[warn] ⚠  Authenticating with a `login:ci` token is deprecated and will be removed in a future major version of `firebase-tools`. Instead, use a service account key with `GOOGLE_APPLICATION_CREDENTIALS`: https://cloud.google.com/docs/authentication/getting-started 
[info] 
[info] Visit this URL on this device to log in:
[info] https://accounts.google.com/o/oauth2/auth?client_id=563584335869-fgrhgmd47bqnekij5i8b5pr03ho849e6.apps.googleusercontent.com&scope=email%20openid%20https%3A%2F%2Fwww.googleapis.com%2Fauth%2Fcloudplatformprojects.readonly%20https%3A%2F%2Fwww.googleapis.com%2Fauth%2Ffirebase%20https%3A%2F%2Fwww.googleapis.com%2Fauth%2Fcloud-platform&response_type=code&state=448595042&redirect_uri=http%3A%2F%2Flocalhost%3A9005
[info] 
[info] Waiting for authentication...
[debug] [2026-05-05T14:29:15.727Z] <<< [apiv2][status] GET https://firebase-public.firebaseio.com/cli.json 200
[debug] [2026-05-05T14:29:15.727Z] <<< [apiv2][body] GET https://firebase-public.firebaseio.com/cli.json {"cloudBuildErrorAfter":1594252800000,"cloudBuildWarnAfter":1590019200000,"defaultNode10After":1594252800000,"minVersion":"3.0.5","node8DeploysDisabledAfter":1613390400000,"node8RuntimeDisabledAfter":1615809600000,"node8WarnAfter":1600128000000}
[debug] [2026-05-05T14:29:26.888Z] >>> [apiv2][query] POST https://auth.firebase.tools/attest [none]
[debug] [2026-05-05T14:29:26.890Z] >>> [apiv2][body] POST https://auth.firebase.tools/attest {"session_id":"0417a73d-af5f-4d83-9456-bf397f8ddbfa"}
[debug] [2026-05-05T14:29:27.207Z] <<< [apiv2][status] POST https://auth.firebase.tools/attest 200
[debug] [2026-05-05T14:29:27.207Z] <<< [apiv2][body] POST https://auth.firebase.tools/attest {"token":"ixPW6grpZ9FOIMurVAJu9kodfYEshsD_IMmijwX3sMY"}
[info] 
[info] To sign in to the Firebase CLI:
[info] 
[info] 1. Take note of your session ID:
[info] 
[info]    0417A
[info] 
[info] 2. Visit the URL below on any device and follow the instructions to get your code:
[info] 
[info]    https://auth.firebase.tools/login?code_challenge=bLEZg5KSDuviN8im_GBrBwH5EFHHbuyEuZzhPwEzvGg&session=0417a73d-af5f-4d83-9456-bf397f8ddbfa&attest=ixPW6grpZ9FOIMurVAJu9kodfYEshsD_IMmijwX3sMY
[info] 
[info] 3. Paste or enter the authorization code below once you have it:
[info] 
